TN:
SF:src/app.ts
FN:9,createApp
FN:26,(anonymous_2)
FN:36,(anonymous_3)
FN:51,(anonymous_4)
FN:59,(anonymous_5)
FNF:5
FNH:4
FNDA:1,createApp
FNDA:9,(anonymous_2)
FNDA:1,(anonymous_3)
FNDA:1,(anonymous_4)
FNDA:0,(anonymous_5)
DA:1,1
DA:2,1
DA:3,1
DA:4,1
DA:5,1
DA:6,1
DA:7,1
DA:9,1
DA:10,1
DA:11,1
DA:12,1
DA:20,1
DA:21,1
DA:22,1
DA:23,1
DA:26,1
DA:27,9
DA:28,9
DA:32,1
DA:33,1
DA:36,1
DA:37,1
DA:51,1
DA:52,1
DA:59,1
DA:60,0
DA:61,0
DA:67,1
LF:28
LH:26
BRF:0
BRH:0
end_of_record
TN:
SF:src/index.ts
FN:7,startServer
FN:15,(anonymous_2)
FN:23,(anonymous_3)
FN:29,(anonymous_4)
FNF:4
FNH:0
FNDA:0,startServer
FNDA:0,(anonymous_2)
FNDA:0,(anonymous_3)
FNDA:0,(anonymous_4)
DA:1,0
DA:2,0
DA:3,0
DA:4,0
DA:5,0
DA:8,0
DA:9,0
DA:12,0
DA:15,0
DA:16,0
DA:17,0
DA:18,0
DA:19,0
DA:23,0
DA:24,0
DA:26,0
DA:27,0
DA:29,0
DA:30,0
DA:31,0
DA:35,0
DA:36,0
DA:38,0
DA:39,0
DA:43,0
LF:25
LH:0
BRDA:19,0,0,0
BRDA:19,0,1,0
BRF:2
BRH:0
end_of_record
TN:
SF:src/clients/base.client.ts
FN:12,(anonymous_1)
FN:24,(anonymous_2)
FN:45,(anonymous_3)
FN:46,(anonymous_4)
FN:49,(anonymous_5)
FNF:5
FNH:3
FNDA:4,(anonymous_1)
FNDA:16,(anonymous_2)
FNDA:0,(anonymous_3)
FNDA:0,(anonymous_4)
FNDA:16,(anonymous_5)
DA:1,2
DA:2,2
DA:3,2
DA:5,2
DA:7,4
DA:8,4
DA:13,4
DA:20,4
DA:21,4
DA:25,16
DA:28,16
DA:29,0
DA:30,0
DA:34,16
DA:35,0
DA:36,0
DA:37,0
DA:38,0
DA:39,0
DA:42,16
DA:46,0
DA:56,16
DA:57,16
DA:58,16
DA:60,0
DA:61,0
DA:64,0
DA:65,0
DA:68,0
DA:69,0
DA:70,0
DA:71,0
DA:76,0
LF:33
LH:16
BRDA:20,0,0,4
BRDA:20,0,1,2
BRDA:28,1,0,0
BRDA:34,2,0,0
BRDA:51,3,0,16
BRDA:52,4,0,16
BRDA:64,5,0,0
BRDA:64,6,0,0
BRDA:64,6,1,0
BRDA:64,6,2,0
BRDA:64,6,3,0
BRDA:68,7,0,0
BRF:12
BRH:4
end_of_record
TN:
SF:src/clients/dexscreener.client.ts
FN:49,(anonymous_1)
FN:53,(anonymous_2)
FN:57,(anonymous_3)
FN:69,(anonymous_4)
FN:73,(anonymous_5)
FN:88,(anonymous_6)
FN:90,(anonymous_7)
FN:91,(anonymous_8)
FNF:8
FNH:8
FNDA:2,(anonymous_1)
FNDA:7,(anonymous_2)
FNDA:7,(anonymous_3)
FNDA:2,(anonymous_4)
FNDA:2,(anonymous_5)
FNDA:7,(anonymous_6)
FNDA:210,(anonymous_7)
FNDA:28,(anonymous_8)
DA:1,2
DA:3,2
DA:48,2
DA:50,2
DA:54,7
DA:55,7
DA:57,7
DA:58,7
DA:61,7
DA:62,7
DA:64,0
DA:65,0
DA:70,2
DA:71,2
DA:73,2
DA:74,2
DA:77,2
DA:78,2
DA:80,0
DA:81,0
DA:83,0
DA:84,0
DA:89,7
DA:90,210
DA:92,28
DA:93,28
DA:96,28
DA:97,28
DA:101,28
LF:29
LH:23
BRDA:53,0,0,0
BRDA:61,1,0,7
BRDA:61,1,1,0
BRDA:77,2,0,2
BRDA:77,2,1,2
BRDA:78,3,0,2
BRDA:81,4,0,0
BRDA:81,4,1,0
BRDA:92,5,0,28
BRDA:92,5,1,0
BRDA:93,6,0,28
BRDA:93,6,1,0
BRDA:94,7,0,28
BRDA:94,7,1,0
BRDA:96,8,0,28
BRDA:96,8,1,0
BRDA:97,9,0,28
BRDA:97,9,1,0
BRDA:98,10,0,28
BRDA:98,10,1,0
BRDA:109,11,0,28
BRDA:109,11,1,0
BRDA:110,12,0,28
BRDA:110,12,1,21
BRF:24
BRH:13
end_of_record
TN:
SF:src/clients/jupiter.client.ts
FN:18,(anonymous_1)
FN:22,(anonymous_2)
FN:26,(anonymous_3)
FN:38,(anonymous_4)
FN:39,(anonymous_5)
FNF:5
FNH:5
FNDA:2,(anonymous_1)
FNDA:7,(anonymous_2)
FNDA:7,(anonymous_3)
FNDA:7,(anonymous_4)
FNDA:140,(anonymous_5)
DA:1,2
DA:3,2
DA:17,2
DA:19,2
DA:23,7
DA:24,7
DA:26,7
DA:27,7
DA:30,7
DA:31,7
DA:33,0
DA:34,0
DA:39,7
DA:41,140
DA:42,140
DA:44,140
LF:16
LH:14
BRDA:22,0,0,0
BRDA:30,1,0,7
BRDA:30,1,1,0
BRDA:42,2,0,140
BRDA:42,2,1,140
BRF:5
BRH:3
end_of_record
TN:
SF:src/config/index.ts
FNF:0
FNH:0
DA:1,3
DA:3,3
DA:5,3
LF:3
LH:3
BRDA:6,0,0,3
BRDA:6,0,1,3
BRDA:7,1,0,3
BRDA:7,1,1,3
BRDA:8,2,0,3
BRDA:8,2,1,3
BRDA:9,3,0,3
BRDA:9,3,1,3
BRDA:10,4,0,3
BRDA:10,4,1,3
BRDA:11,5,0,3
BRDA:11,5,1,3
BRDA:12,6,0,3
BRDA:12,6,1,0
BRF:14
BRH:13
end_of_record
TN:
SF:src/routes/health.routes.ts
FN:10,(anonymous_1)
FNF:1
FNH:1
FNDA:1,(anonymous_1)
DA:1,1
DA:2,1
DA:4,1
DA:10,1
DA:11,1
DA:18,1
DA:21,1
LF:7
LH:7
BRDA:15,0,0,1
BRDA:15,0,1,0
BRF:2
BRH:1
end_of_record
TN:
SF:src/routes/tokens.routes.ts
FN:11,(anonymous_1)
FN:39,(anonymous_2)
FN:67,(anonymous_3)
FNF:3
FNH:3
FNDA:4,(anonymous_1)
FNDA:1,(anonymous_2)
FNDA:1,(anonymous_3)
DA:1,1
DA:2,1
DA:5,1
DA:11,1
DA:12,4
DA:13,4
DA:21,4
DA:23,4
DA:28,0
DA:39,1
DA:40,1
DA:41,1
DA:42,1
DA:44,1
DA:45,1
DA:51,0
DA:56,0
DA:67,1
DA:68,1
DA:69,1
DA:70,1
DA:75,0
DA:82,1
LF:23
LH:19
BRDA:17,0,0,3
BRDA:17,0,1,1
BRDA:44,1,0,1
BRF:3
BRH:3
end_of_record
TN:
SF:src/services/aggregation.service.ts
FN:12,(anonymous_1)
FN:17,(anonymous_2)
FN:44,(anonymous_3)
FN:70,(anonymous_4)
FN:75,(anonymous_5)
FN:105,(anonymous_6)
FN:122,(anonymous_7)
FN:128,(anonymous_8)
FN:133,(anonymous_9)
FNF:9
FNH:9
FNDA:2,(anonymous_1)
FNDA:13,(anonymous_2)
FNDA:7,(anonymous_3)
FNDA:8,(anonymous_4)
FNDA:30,(anonymous_5)
FNDA:8,(anonymous_6)
FNDA:6,(anonymous_7)
FNDA:1,(anonymous_8)
FNDA:3,(anonymous_9)
DA:2,2
DA:3,2
DA:4,2
DA:5,2
DA:10,2
DA:13,2
DA:14,2
DA:19,13
DA:20,6
DA:21,6
DA:22,6
DA:23,6
DA:27,7
DA:30,7
DA:36,7
DA:39,7
DA:41,7
DA:45,7
DA:47,7
DA:48,168
DA:50,168
DA:51,35
DA:54,133
DA:63,133
DA:67,7
DA:71,8
DA:74,8
DA:75,4
DA:76,30
DA:77,30
DA:79,30
DA:81,24
DA:82,24
DA:83,24
DA:85,6
DA:86,6
DA:87,6
DA:89,0
DA:90,0
DA:91,0
DA:93,0
DA:94,0
DA:95,0
DA:98,30
DA:102,8
DA:106,8
DA:107,8
DA:109,8
DA:110,8
DA:111,8
DA:112,8
DA:114,8
DA:123,6
DA:124,6
DA:125,6
DA:129,1
DA:130,1
DA:134,3
DA:137,3
DA:138,3
DA:139,1
DA:143,2
DA:145,2
DA:146,0
DA:149,2
DA:153,2
LF:66
LH:59
BRDA:17,0,0,6
BRDA:17,1,0,6
BRDA:19,2,0,6
BRDA:21,3,0,6
BRDA:50,4,0,35
BRDA:50,4,1,133
BRDA:60,5,0,0
BRDA:60,5,1,133
BRDA:61,6,0,133
BRDA:61,6,1,0
BRDA:61,7,0,133
BRDA:61,7,1,0
BRDA:74,8,0,4
BRDA:79,9,0,24
BRDA:79,9,1,6
BRDA:79,9,2,0
BRDA:79,9,3,0
BRDA:98,10,0,6
BRDA:98,10,1,24
BRDA:106,11,0,8
BRDA:106,11,1,1
BRDA:107,12,0,0
BRDA:107,12,1,8
BRDA:116,13,0,0
BRDA:116,13,1,8
BRDA:122,14,0,1
BRDA:138,15,0,1
BRDA:145,16,0,0
BRF:28
BRH:20
end_of_record
TN:
SF:src/services/cache.service.ts
FN:9,(anonymous_1)
FN:11,(anonymous_2)
FN:18,(anonymous_3)
FN:23,(anonymous_4)
FN:29,(anonymous_5)
FN:42,(anonymous_6)
FN:54,(anonymous_7)
FN:65,(anonymous_8)
FN:76,(anonymous_9)
FN:80,(anonymous_10)
FNF:10
FNH:8
FNDA:3,(anonymous_1)
FNDA:0,(anonymous_2)
FNDA:2,(anonymous_3)
FNDA:0,(anonymous_4)
FNDA:13,(anonymous_5)
FNDA:11,(anonymous_6)
FNDA:1,(anonymous_7)
FNDA:5,(anonymous_8)
FNDA:1,(anonymous_9)
FNDA:1,(anonymous_10)
DA:1,3
DA:2,3
DA:3,3
DA:7,3
DA:10,3
DA:12,0
DA:13,0
DA:18,3
DA:19,2
DA:20,2
DA:23,3
DA:24,0
DA:25,0
DA:30,13
DA:31,13
DA:32,4
DA:34,9
DA:35,9
DA:37,0
DA:38,0
DA:43,11
DA:44,11
DA:45,4
DA:47,7
DA:48,7
DA:50,0
DA:55,1
DA:56,1
DA:57,1
DA:59,0
DA:61,0
DA:66,5
DA:67,5
DA:68,5
DA:70,0
DA:72,0
DA:77,1
DA:81,1
DA:85,3
LF:39
LH:28
BRDA:31,0,0,4
BRDA:35,1,0,7
BRDA:35,1,1,2
BRDA:44,2,0,4
BRDA:47,3,0,7
BRDA:47,3,1,7
BRDA:56,4,0,1
BRDA:67,5,0,5
BRF:8
BRH:8
end_of_record
TN:
SF:src/services/websocket.service.ts
FN:7,(anonymous_1)
FN:12,(anonymous_2)
FN:20,(anonymous_3)
FN:23,(anonymous_4)
FN:30,(anonymous_5)
FN:37,(anonymous_6)
FN:42,(anonymous_7)
FN:47,(anonymous_8)
FN:53,(anonymous_9)
FN:69,(anonymous_10)
FN:71,(anonymous_11)
FN:78,(anonymous_12)
FN:80,(anonymous_13)
FN:92,(anonymous_14)
FN:102,(anonymous_15)
FNF:15
FNH:0
FNDA:0,(anonymous_1)
FNDA:0,(anonymous_2)
FNDA:0,(anonymous_3)
FNDA:0,(anonymous_4)
FNDA:0,(anonymous_5)
FNDA:0,(anonymous_6)
FNDA:0,(anonymous_7)
FNDA:0,(anonymous_8)
FNDA:0,(anonymous_9)
FNDA:0,(anonymous_10)
FNDA:0,(anonymous_11)
FNDA:0,(anonymous_12)
FNDA:0,(anonymous_13)
FNDA:0,(anonymous_14)
FNDA:0,(anonymous_15)
DA:2,0
DA:3,0
DA:4,0
DA:5,0
DA:8,0
DA:9,0
DA:10,0
DA:13,0
DA:14,0
DA:15,0
DA:16,0
DA:17,0
DA:21,0
DA:23,0
DA:24,0
DA:27,0
DA:30,0
DA:31,0
DA:32,0
DA:33,0
DA:37,0
DA:38,0
DA:39,0
DA:42,0
DA:43,0
DA:44,0
DA:47,0
DA:48,0
DA:54,0
DA:55,0
DA:57,0
DA:59,0
DA:60,0
DA:62,0
DA:65,0
DA:71,0
DA:72,0
DA:75,0
DA:80,0
DA:81,0
DA:82,0
DA:83,0
DA:85,0
DA:89,0
DA:93,0
DA:95,0
DA:103,0
DA:104,0
DA:105,0
DA:108,0
DA:109,0
DA:110,0
DA:113,0
DA:117,0
LF:54
LH:0
BRDA:21,0,0,0
BRDA:57,1,0,0
BRDA:57,1,1,0
BRDA:60,2,0,0
BRDA:93,3,0,0
BRDA:103,4,0,0
BRDA:108,5,0,0
BRF:7
BRH:0
end_of_record
TN:
SF:src/utils/logger.ts
FNF:0
FNH:0
DA:1,3
DA:2,3
DA:4,3
DA:21,3
LF:4
LH:4
BRDA:5,0,0,0
BRDA:5,0,1,3
BRF:2
BRH:1
end_of_record
